<?xml version="1.0" encoding="UTF-8"?>
<testsuite xmlns:xsi="http://www.w3.org/2001/XMLSchema-instance" xsi:noNamespaceSchemaLocation="https://maven.apache.org/surefire/maven-surefire-plugin/xsd/surefire-test-report-3.0.xsd" version="3.0" name="com.miniups.service.AuthServiceTest" time="0.882" tests="2" errors="0" skipped="0" failures="0">
  <properties>
[...]
</properties>
  <testcase name="whenRegisteringUserWithExistingEmail_thenThrowsException" classname="com.miniups.service.AuthServiceTest" time="0.859">
    <system-out><![CDATA[21:43:53.158 [main] INFO com.miniups.service.AuthService -- 开始处理用户注册: username=newUser, email=existing@test.com
21:43:53.169 [main] WARN com.miniups.service.AuthService -- 注册失败 - 邮箱已存在: existing@test.com
]]></system-out>
  </testcase>
  <testcase name="whenRegisteringUserWithExistingUsername_thenThrowsException" classname="com.miniups.service.AuthServiceTest" time="0.003">
    <system-out><![CDATA[21:43:53.179 [main] INFO com.miniups.service.AuthService -- 开始处理用户注册: username=existingUser, email=test@test.com
21:43:53.180 [main] WARN com.miniups.service.AuthService -- 注册失败 - 用户名已存在: existingUser
]]></system-out>
  </testcase>
</testsuite>